
Aug 24, 2018 11:18:13.44 NEW SESSION
Aug 24, 2018 11:18:13.45 Unable to read VR Path Registry from C:\Users\umg20\AppData\Local\openvr\openvrpaths.vrpath
Aug 24, 2018 11:22:44.83 [6244:7564:0824/112244.826:ERROR:socket_stream.cc(210)] Closing stream with result -100
Aug 24, 2018 11:25:07.57 [6244:4968:0824/112507.569:ERROR:CONSOLE(6)] "Uncaught ReferenceError: gbar is not defined", source: https://clients5.google.com/pagead/drt/dn/ (6)
Aug 24, 2018 11:27:55.09 [6244:7564:0824/112755.092:ERROR:socket_stream.cc(210)] Closing stream with result -100
Aug 24, 2018 11:32:58.18 [6244:7564:0824/113258.181:ERROR:socket_stream.cc(210)] Closing stream with result -100
Aug 24, 2018 11:38:06.33 [6244:7564:0824/113806.332:ERROR:socket_stream.cc(210)] Closing stream with result -100
Aug 24, 2018 11:43:16.72 [6244:7564:0824/114316.722:ERROR:socket_stream.cc(210)] Closing stream with result -100
Aug 24, 2018 11:46:51.25 Unable to read VR Path Registry from C:\Users\umg20\AppData\Local\openvr\openvrpaths.vrpath
Aug 24, 2018 11:49:54.53 [10680:16448:0824/114954.534:ERROR:CONSOLE(6)] "Uncaught ReferenceError: gbar is not defined", source: https://clients5.google.com/pagead/drt/dn/ (6)
Aug 24, 2018 11:52:17.28 [10680:13640:0824/115217.277:ERROR:socket_stream.cc(210)] Closing stream with result -100
Aug 24, 2018 11:52:34.92 [10680:16448:0824/115234.924:ERROR:CONSOLE(6)] "Uncaught ReferenceError: gbar is not defined", source: https://clients5.google.com/pagead/drt/dn/ (6)
Aug 24, 2018 11:56:03.23 [10680:16448:0824/115603.214:ERROR:CONSOLE(6)] "Uncaught ReferenceError: gbar is not defined", source: https://clients5.google.com/pagead/drt/dn/ (6)
Aug 24, 2018 11:57:27.87 [10680:13640:0824/115727.875:ERROR:socket_stream.cc(210)] Closing stream with result -100
Aug 24, 2018 11:59:15.19 [10680:13640:0824/115915.192:ERROR:extension_protocols.cc(563)] Allowing load of chrome-extension://gighmmpiobklfepjocnamgkkbiglidom/include.preload.js.mapfrom unknown origin. Could not find user data for request.
Aug 24, 2018 11:59:15.19 [10680:13640:0824/115915.192:ERROR:extension_protocols.cc(563)] Allowing load of chrome-extension://gighmmpiobklfepjocnamgkkbiglidom/include.postload.js.mapfrom unknown origin. Could not find user data for request.
Aug 24, 2018 12:00:34.71 [10680:13640:0824/120034.711:ERROR:extension_protocols.cc(563)] Allowing load of chrome-extension://gighmmpiobklfepjocnamgkkbiglidom/include.preload.js.mapfrom unknown origin. Could not find user data for request.
Aug 24, 2018 12:00:34.73 [10680:13640:0824/120034.730:ERROR:extension_protocols.cc(563)] Allowing load of chrome-extension://gighmmpiobklfepjocnamgkkbiglidom/include.postload.js.mapfrom unknown origin. Could not find user data for request.
Aug 24, 2018 12:02:38.13 [10680:13640:0824/120238.134:ERROR:socket_stream.cc(210)] Closing stream with result -100
Aug 24, 2018 12:05:12.21 [10680:13640:0824/120512.210:ERROR:extension_protocols.cc(563)] Allowing load of chrome-extension://gighmmpiobklfepjocnamgkkbiglidom/include.preload.js.mapfrom unknown origin. Could not find user data for request.
Aug 24, 2018 12:05:12.74 [10680:13640:0824/120512.749:ERROR:extension_protocols.cc(563)] Allowing load of chrome-extension://gighmmpiobklfepjocnamgkkbiglidom/include.postload.js.mapfrom unknown origin. Could not find user data for request.
Aug 24, 2018 12:05:27.63 [10680:13640:0824/120527.637:ERROR:extension_protocols.cc(563)] Allowing load of chrome-extension://gighmmpiobklfepjocnamgkkbiglidom/include.preload.js.mapfrom unknown origin. Could not find user data for request.
Aug 24, 2018 12:05:30.10 [10680:13640:0824/120530.102:ERROR:extension_protocols.cc(563)] Allowing load of chrome-extension://gighmmpiobklfepjocnamgkkbiglidom/include.postload.js.mapfrom unknown origin. Could not find user data for request.
Aug 24, 2018 12:05:34.42 [10680:13640:0824/120534.423:ERROR:extension_protocols.cc(563)] Allowing load of chrome-extension://gighmmpiobklfepjocnamgkkbiglidom/include.preload.js.mapfrom unknown origin. Could not find user data for request.
Aug 24, 2018 12:05:35.64 [10680:13640:0824/120535.645:ERROR:extension_protocols.cc(563)] Allowing load of chrome-extension://gighmmpiobklfepjocnamgkkbiglidom/include.postload.js.mapfrom unknown origin. Could not find user data for request.
Aug 24, 2018 12:07:48.55 [10680:13640:0824/120748.549:ERROR:socket_stream.cc(210)] Closing stream with result -100

Aug 27, 2018 11:01:36.12 NEW SESSION
Aug 27, 2018 11:01:36.12 [320:12388:0827/110136.120:ERROR:connection_factory_impl.cc(403)] Failed to connect to MCS endpoint with error -106
Aug 27, 2018 11:02:03.73 [320:12388:0827/110203.738:ERROR:connection_factory_impl.cc(403)] Failed to connect to MCS endpoint with error -106
Aug 27, 2018 11:02:17.62 [320:736:0827/110217.621:ERROR:account_tracker.cc(253)] OnGetTokenFailure: Connection failed (-106).
Aug 27, 2018 11:02:18.04 [320:736:0827/110218.042:ERROR:account_info_fetcher.cc(58)] OnGetTokenFailure: Connection failed (-106).
Aug 27, 2018 11:02:18.49 [320:736:0827/110218.496:ERROR:account_info_fetcher.cc(58)] OnGetTokenFailure: Connection failed (-106).
Aug 27, 2018 11:02:18.56 [320:736:0827/110218.564:ERROR:account_tracker.cc(253)] OnGetTokenFailure: Connection failed (-106).
Aug 27, 2018 11:02:18.59 [320:736:0827/110218.589:ERROR:account_tracker.cc(253)] OnGetTokenFailure: Connection failed (-106).
Aug 27, 2018 11:02:19.17 Unable to read VR Path Registry from C:\Users\umg20\AppData\Local\openvr\openvrpaths.vrpath
Aug 27, 2018 11:02:19.30 [320:736:0827/110219.301:ERROR:account_info_fetcher.cc(58)] OnGetTokenFailure: Connection failed (-106).
Aug 27, 2018 11:02:19.30 [320:736:0827/110219.301:ERROR:account_tracker.cc(253)] OnGetTokenFailure: Connection failed (-106).
Aug 27, 2018 11:02:24.86 [320:736:0827/110224.859:ERROR:account_info_fetcher.cc(58)] OnGetTokenFailure: Connection failed (-106).
Aug 27, 2018 11:03:00.21 [320:12388:0827/110300.210:ERROR:connection_factory_impl.cc(403)] Failed to connect to MCS endpoint with error -106
Aug 27, 2018 11:03:18.61 [320:736:0827/110318.614:ERROR:gcm_channel_status_request.cc(127)] GCM channel request failed.
Aug 27, 2018 11:03:44.68 [320:736:0827/110344.687:ERROR:gcm_channel_status_request.cc(127)] GCM channel request failed.
Aug 27, 2018 11:04:29.71 [320:736:0827/110429.709:ERROR:gcm_channel_status_request.cc(127)] GCM channel request failed.
Aug 27, 2018 11:04:35.94 [320:12388:0827/110435.942:ERROR:connection_factory_impl.cc(403)] Failed to connect to MCS endpoint with error -106
Aug 27, 2018 11:06:10.55 [320:736:0827/110610.557:ERROR:gcm_channel_status_request.cc(127)] GCM channel request failed.
Aug 27, 2018 11:08:18.96 [320:12388:0827/110818.968:ERROR:connection_factory_impl.cc(403)] Failed to connect to MCS endpoint with error -106
Aug 27, 2018 11:09:38.91 [320:736:0827/110938.916:ERROR:gcm_channel_status_request.cc(127)] GCM channel request failed.
